
--- Job GlobalTimberModel_EPABase_2020.gms Start 08/12/22 11:54:50 36.1.0 r2c0a44a WEX-WEI x86 64bit/MS Windows
--- Applying:
    C:\GAMS\36\gmsprmNT.txt
--- GAMS Parameters defined
    Input "C:\Users\MAROS.IVANIC\OneDrive - USDA\GTAPGTM\GTM\GlobalTimberModel_EPABase_2020.gms"
    PageSize 0
    ScrDir "C:\Users\MAROS.IVANIC\OneDrive - USDA\GTAPGTM\GTM\225a\"
    SysDir C:\GAMS\36\
    LogOption 3
    ErrMsg 1
    ErrorLog 99
    IDE 1
    LstTitleLeftAligned 1
Licensee: Large MUD - 20 User License                    G210128/0001CA-WIN
          U.S. Department of Agriculture, Economic Research Service  DC1080
          C:\Users\MAROS.IVANIC\OneDrive - USDA\Documents\GAMS\gamslice.txt
Processor information: 1 socket(s), 6 core(s), and 12 thread(s) available
GAMS 36.1.0   Copyright (C) 1987-2021 GAMS Development. All rights reserved
--- Starting compilation
--- GlobalTimberModel_EPABase_2020.gms(76) 3 Mb
--- . param2n_042120.csv(476) 3 Mb
--- GlobalTimberModel_EPABase_2020.gms(107) 3 Mb
--- . param3_042420.csv(476) 3 Mb
--- GlobalTimberModel_EPABase_2020.gms(114) 3 Mb
--- . param4_042220.csv(476) 3 Mb
--- GlobalTimberModel_EPABase_2020.gms(154) 3 Mb
--- . cparam_p6_042220.csv(476) 4 Mb
--- GlobalTimberModel_EPABase_2020.gms(213) 4 Mb
--- . forinv2_p6_2020.csv(476) 4 Mb
--- GlobalTimberModel_EPABase_2020.gms(220) 4 Mb
--- . iforin2_p6_2020.csv(476) 4 Mb
--- GlobalTimberModel_EPABase_2020.gms(1515) 4 Mb
--- Starting execution: elapsed 0:00:00.051
--- GlobalTimberModel_EPABase_2020.gms(13) 5 Mb
--- GDXin=C:\Users\MAROS.IVANIC\OneDrive - USDA\GTAPGTM\GTM\GLOBALTIMBERMODEL2020.gdx
--- GDX File (execute_load) C:\Users\MAROS.IVANIC\OneDrive - USDA\GTAPGTM\GTM\GLOBALTIMBERMODEL2020.gdx
--- GlobalTimberModel_EPABase_2020.gms(3472) 24 Mb
--- GDX File (execute_unload) C:\Users\MAROS.IVANIC\OneDrive - USDA\GTAPGTM\GTM\GLOBALTIMBERMODEL2020.gdx
--- GlobalTimberModel_EPABase_2020.gms(4363) 93 Mb
--- Generating NLP model DYNFONLYM
--- GlobalTimberModel_EPABase_2020.gms(3936) 195 Mb  5 secs
--- GlobalTimberModel_EPABase_2020.gms(4365) 202 Mb
---   305,541 rows  313,432 columns  1,182,353 non-zeroes
---   4,065,533 nl-code  197,697 nl-non-zeroes
--- GlobalTimberModel_EPABase_2020.gms(4365) 180 Mb
--- Executing MINOS (Solvelink=2): elapsed 0:00:09.597

GAMS/MINOS       36.1.0 r2c0a44a Released Aug 02, 2021 WEI x86 64bit/MS Win
M I N O S  5.6      (Jul 2016)

    GAMS/MINOS 5.6, Large Scale Nonlinear Solver
    B. A. Murtagh, University of New South Wales
    P. E. Gill, University of California at San Diego,
    W. Murray, M. A. Saunders, and M. H. Wright,
    Systems Optimization Laboratory, Stanford University

 Work space requested by solver --   659.60 Mb
 Work space requested by user   --   900.00 Mb

  Reading Rows...
  Reading Columns...
  Reading Instructions...

Reading parameter(s) from "C:\Users\MAROS.IVANIC\OneDrive - USDA\GTAPGTM\GTM\minos.opt"
>>  superbasics limit = 10000
Finished reading from "C:\Users\MAROS.IVANIC\OneDrive - USDA\GTAPGTM\GTM\minos.opt"
    Itn  ninf      sinf       objective
    100  6336 2.736E+04 -3.71473157E+01
    200  6319 2.735E+04 -3.71473157E+01
    300  6306 2.735E+04 -3.71473157E+01
    400  6289 2.734E+04 -3.71473157E+01
    500  6270 2.734E+04 -3.71473157E+01
    600  6268 2.734E+04 -3.71473157E+01
    700  6264 2.734E+04 -3.71473157E+01
    800  6262 2.733E+04 -3.71473157E+01
    900  6260 2.733E+04 -3.71473157E+01
   1000  6256 2.733E+04 -3.71473157E+01
    Itn  ninf      sinf       objective
   1100  6254 2.733E+04 -3.71473157E+01
   1200  6237 2.732E+04 -3.71473157E+01
   1300  6222 2.732E+04 -3.71473156E+01
   1400  6202 2.730E+04 -3.71473156E+01
   1500  6191 2.730E+04 -3.71473156E+01
   1600  6176 2.729E+04 -3.71473156E+01
   1700  6145 2.727E+04 -3.71473156E+01
   1800  6142 2.727E+04 -3.71473156E+01
   1900  6122 2.727E+04 -3.71473156E+01
   2000  6107 2.727E+04 -3.71473156E+01
    Itn  ninf      sinf       objective
   2100  6099 2.727E+04 -3.71473156E+01
   2200  6095 2.727E+04 -3.71473156E+01
   2300  6082 2.727E+04 -3.71473156E+01
   2400  6078 2.727E+04 -3.71473156E+01
   2500  6076 2.727E+04 -3.71473156E+01
   2600  6074 2.727E+04 -3.71473156E+01
   2700  6070 2.727E+04 -3.71473156E+01
   2800  6068 2.727E+04 -3.71473156E+01
   2900  6049 2.727E+04 -3.71473156E+01
   3000  6038 2.726E+04 -3.71473156E+01
    Itn  ninf      sinf       objective
   3100  6026 2.726E+04 -3.71473156E+01
   3200  5998 2.725E+04 -3.71473156E+01
   3300  5996 2.725E+04 -3.71473156E+01
   3400  5994 2.725E+04 -3.71473156E+01
   3500  5979 2.724E+04 -3.71473156E+01
   3600  5965 2.724E+04 -3.71473156E+01
   3700  5962 2.724E+04 -3.71473156E+01
   3800  5936 2.724E+04 -3.71473156E+01
   3900  5904 2.724E+04 -3.71473156E+01
   4000  5885 2.724E+04 -3.71473156E+01
    Itn  ninf      sinf       objective
   4100  5874 2.724E+04 -3.71473156E+01
   4200  5817 2.720E+04 -3.71473156E+01
   4300  5759 2.717E+04 -3.71473156E+01
   4400  5724 2.715E+04 -3.71473156E+01
   4500  5690 2.693E+04 -3.71473155E+01
   4600  5673 2.688E+04 -3.71473155E+01
   4700  5632 2.648E+04 -3.71473151E+01
   4800  5627 2.644E+04 -3.71473151E+01
   4900  5581 2.615E+04 -3.71473150E+01
   5000  5581 2.615E+04 -3.71473150E+01
    Itn  ninf      sinf       objective
   5100  5545 2.571E+04 -3.71473150E+01
   5200  5536 2.567E+04 -3.71473150E+01
   5300  5521 2.552E+04 -3.71473150E+01
   5400  5497 2.488E+04 -3.71473150E+01
   5500  5484 2.466E+04 -3.71473150E+01
   5600  5474 2.456E+04 -3.71473150E+01
   5700  5468 2.454E+04 -3.71473149E+01
   5800  5457 2.452E+04 -3.71473149E+01
   5900  5440 2.449E+04 -3.71473148E+01
   6000  5422 2.447E+04 -3.71473147E+01
    Itn  ninf      sinf       objective
   6100  5411 2.419E+04 -3.71473147E+01
   6200  5400 2.411E+04 -3.71473147E+01
   6300  5365 2.410E+04 -3.71473147E+01
   6400  5365 2.410E+04 -3.71473147E+01
   6500  5342 2.406E+04 -3.71473147E+01
   6600  5312 2.405E+04 -3.71473146E+01
   6700  5295 2.403E+04 -3.71473146E+01
   6800  5274 2.368E+04 -3.71473146E+01
   6900  5248 2.364E+04 -3.71473128E+01
   7000  5215 2.364E+04 -3.71473120E+01
    Itn  ninf      sinf       objective
   7100  5191 2.363E+04 -3.71473120E+01
   7200  5150 2.360E+04 -3.71473106E+01
   7300  5126 2.358E+04 -3.71473085E+01
   7400  5084 2.358E+04 -3.71473081E+01
   7500  5053 2.357E+04 -3.71473078E+01
   7600  5008 2.352E+04 -3.71473066E+01
   7700  4970 2.352E+04 -3.71473065E+01
   7800  4925 2.352E+04 -3.71473064E+01
   7900  4871 2.351E+04 -3.71473064E+01
   8000  4821 2.350E+04 -3.71473060E+01
    Itn  ninf      sinf       objective
   8100  4756 2.348E+04 -3.71473059E+01
   8200  4713 2.347E+04 -3.71473057E+01
   8300  4646 2.347E+04 -3.71473057E+01
   8400  4598 2.347E+04 -3.71473056E+01
   8500  4536 2.346E+04 -3.71473055E+01
   8600  4464 2.344E+04 -3.71473052E+01
   8700  4427 2.343E+04 -3.71473049E+01
   8800  4381 2.341E+04 -3.71473048E+01
   8900  4358 2.340E+04 -3.71473032E+01
   9000  4302 2.339E+04 -3.71473025E+01
    Itn  ninf      sinf       objective
   9100  4253 2.339E+04 -3.71473024E+01
   9200  4216 2.338E+04 -3.71473023E+01
   9300  4188 2.337E+04 -3.71473020E+01
   9400  4140 2.334E+04 -3.71473016E+01
   9500  4101 2.334E+04 -3.71473014E+01
   9600  4066 2.334E+04 -3.71473013E+01
   9700  4002 2.333E+04 -3.71473011E+01
   9800  3959 2.333E+04 -3.71473010E+01
   9900  3921 2.332E+04 -3.71473008E+01
  10000  3857 2.331E+04 -3.71473006E+01
    Itn  ninf      sinf       objective
  10100  3773 2.331E+04 -3.71473005E+01
  10200  3771 2.331E+04 -3.71473005E+01
  10300  3757 2.331E+04 -3.71473005E+01
  10400  3696 2.331E+04 -3.71473005E+01
  10500  3655 2.331E+04 -3.71473004E+01
  10600  3634 2.331E+04 -3.71473003E+01
  10700  3615 2.331E+04 -3.71473003E+01
  10800  3580 2.330E+04 -3.71473001E+01
  10900  3533 2.330E+04 -3.71473000E+01
  11000  3481 2.330E+04 -3.71473000E+01
    Itn  ninf      sinf       objective
  11100  3467 2.330E+04 -3.71472999E+01
  11200  3442 2.330E+04 -3.71472999E+01
  11300  3393 2.329E+04 -3.71472997E+01
  11400  3368 2.329E+04 -3.71472997E+01
  11500  3339 2.328E+04 -3.71472997E+01
  11600  3291 2.328E+04 -3.71472997E+01
  11700  3244 2.328E+04 -3.71472995E+01
  11800  3196 2.326E+04 -3.71472993E+01
  11900  3153 2.325E+04 -3.71472991E+01
  12000  3105 2.324E+04 -3.71472990E+01
    Itn  ninf      sinf       objective
  12100  3058 2.324E+04 -3.71472990E+01
  12200  3003 2.323E+04 -3.71472989E+01
  12300  2932 2.323E+04 -3.71472988E+01
  12400  2889 2.322E+04 -3.71472987E+01
  12500  2841 2.321E+04 -3.71472985E+01
  12600  2786 2.320E+04 -3.71472984E+01
  12700  2751 2.320E+04 -3.71472984E+01
  12800  2684 2.320E+04 -3.71472983E+01
  12900  2643 2.320E+04 -3.71472983E+01
  13000  2616 2.319E+04 -3.71472983E+01
    Itn  ninf      sinf       objective
  13100  2585 2.318E+04 -3.71472981E+01
  13200  2533 2.317E+04 -3.71472980E+01
  13300  2491 2.317E+04 -3.71472980E+01
  13400  2438 2.317E+04 -3.71472980E+01
  13500  2401 2.317E+04 -3.71472980E+01
  13600  2359 2.317E+04 -3.71472980E+01
  13700  2314 2.317E+04 -3.71472979E+01
  13800  2262 2.317E+04 -3.71472979E+01
  13900  2214 2.314E+04 -3.71472974E+01
  14000  2195 2.308E+04 -3.71472971E+01
    Itn  ninf      sinf       objective
  14100  2184 2.302E+04 -3.71472967E+01
  14200  2138 2.299E+04 -3.71472966E+01
  14300  2074 2.295E+04 -3.71472964E+01
  14400  2030 2.293E+04 -3.71472963E+01
  14500  1971 2.292E+04 -3.71472961E+01
  14600  1897 2.274E+04 -3.71472941E+01
  14700  1805 2.245E+04 -3.71472931E+01
  14800  1714 2.181E+04 -3.71472915E+01
  14900  1653 2.138E+04 -3.71472862E+01
  15000  1648 2.131E+04 -3.71472862E+01
    Itn  ninf      sinf       objective
  15100  1632 2.111E+04 -3.71472855E+01
  15200  1628 2.111E+04 -3.71472855E+01
  15300  1608 2.109E+04 -3.71472855E+01
  15400  1580 2.105E+04 -3.71472855E+01
  15500  1512 2.089E+04 -3.71472845E+01
  15600  1447 2.067E+04 -3.71472831E+01
  15700  1391 1.915E+04 -3.71472810E+01
  15800  1346 1.881E+04 -3.71472804E+01
  15900  1304 1.871E+04 -3.71472800E+01
  16000  1291 1.870E+04 -3.71472800E+01
    Itn  ninf      sinf       objective
  16100  1228 1.851E+04 -3.71472750E+01
  16200  1202 1.825E+04 -3.71472734E+01
  16300  1124 1.731E+04 -3.71472730E+01
  16400  1024 1.633E+04 -3.71472730E+01
  16500   924 1.573E+04 -3.71472730E+01
  16600   824 1.408E+04 -3.71472730E+01
  16700   724 9.219E+03 -3.71472730E+01
  16800   624 5.880E+03 -3.71472730E+01
  16900   524 5.712E+03 -3.71472730E+01
  17000   424 5.653E+03 -3.71472730E+01
    Itn  ninf      sinf       objective
  17100   324 5.177E+03 -3.71472730E+01
  17200   224 4.001E+03 -3.71472730E+01
  17300   124 1.731E+03 -3.71472730E+01
  17400    24 7.009E+00 -3.71472730E+01
  17500   364 1.550E+01 -3.71472729E+01
  17600   301 1.468E+01 -3.71472729E+01
  17700   257 1.132E+01 -3.71472729E+01
  17800   214 9.596E+00 -3.71472729E+01
  17900   158 8.745E+00 -3.71472729E+01
  18000   113 3.847E+00 -3.71472729E+01
    Itn  ninf      sinf       objective
  18100    72 2.782E+00 -3.71472729E+01
  18200    30 2.057E-01 -3.71472729E+01
  18300     0 0.000E+00 -5.07232728E+06
  18400     0 0.000E+00 -2.97401539E+06
  18500     0 0.000E+00 -2.30229597E+06
  18600     0 0.000E+00 -1.78527675E+06
  18700     0 0.000E+00 -1.28961670E+06
  18800     0 0.000E+00 -1.05533164E+06
  18900     0 0.000E+00 -8.27432391E+05
 Resource limit exceeded, will stop shortly...

 EXIT - Resource Interrupt.

--- Reading solution for model DYNFONLYM
--- GlobalTimberModel_EPABase_2020.gms(4365) 180 Mb  301 secs
--- Executing after solve: elapsed 0:05:12.442
--- GlobalTimberModel_EPABase_2020.gms(4370) 180 Mb
--- GDX File (execute_unload) C:\Users\MAROS.IVANIC\OneDrive - USDA\GTAPGTM\GTM\GLOBALTIMBERMODEL2020.gdx
--- Putfile BBBM C:\Users\MAROS.IVANIC\OneDrive - USDA\GTAPGTM\GTM\MINOS.OPT
*** Status: Normal completion
--- Job GlobalTimberModel_EPABase_2020.gms Stop 08/12/22 12:00:03 elapsed 0:05:12.701
