--- Job GTM_EPABase_2020_r2.gms Start 08/15/22 09:51:12 36.1.0 r2c0a44a WEX-WEI x86 64bit/MS Windows
--- Applying:
    C:\GAMS\36\gmsprmNT.txt
--- GAMS Parameters defined
    Input "C:\Users\MAROS.IVANIC\OneDrive - USDA\GTAPGTM\GTM\GTM_EPABase_2020_r2.gms"
    PageSize 0
    ScrDir "C:\Users\MAROS.IVANIC\OneDrive - USDA\GTAPGTM\GTM\225a\"
    SysDir C:\GAMS\36\
    LogOption 3
    ErrMsg 1
    ErrorLog 99
    IDE 1
    LstTitleLeftAligned 1
Licensee: Large MUD - 20 User License                    G210128/0001CA-WIN
          U.S. Department of Agriculture, Economic Research Service  DC1080
          C:\Users\MAROS.IVANIC\OneDrive - USDA\Documents\GAMS\gamslice.txt
Processor information: 1 socket(s), 6 core(s), and 12 thread(s) available
GAMS 36.1.0   Copyright (C) 1987-2021 GAMS Development. All rights reserved
--- Starting compilation
--- GTM_EPABase_2020_r2.gms(5) 2 Mb 3 Errors
*** Error 120 in C:\Users\MAROS.IVANIC\OneDrive - USDA\GTAPGTM\GTM\GTM_EPABase_2020_r2.gms
    Unknown identifier entered as set
*** Error 120 in C:\Users\MAROS.IVANIC\OneDrive - USDA\GTAPGTM\GTM\GTM_EPABase_2020_r2.gms
    Unknown identifier entered as set
*** Error 120 in C:\Users\MAROS.IVANIC\OneDrive - USDA\GTAPGTM\GTM\GTM_EPABase_2020_r2.gms
    Unknown identifier entered as set
--- GTM_EPABase_2020_r2.gms(7) 2 Mb
--- . param2n_042120.csv(476) 3 Mb
--- GTM_EPABase_2020_r2.gms(14) 3 Mb
--- . param3_042420.csv(1) 3 Mb 6 Errors
*** Error 361 in C:\Users\MAROS.IVANIC\OneDrive - USDA\GTAPGTM\GTM\param3_042420.csv
    Values for domain 1 are unknown - no checking possible
*** Error 362 in C:\Users\MAROS.IVANIC\OneDrive - USDA\GTAPGTM\GTM\param3_042420.csv
    Values for domain 2 are unknown - no checking possible
*** Error 363 in C:\Users\MAROS.IVANIC\OneDrive - USDA\GTAPGTM\GTM\param3_042420.csv
    Values for domain 3 are unknown - no checking possible
--- . param3_042420.csv(476) 3 Mb
--- GTM_EPABase_2020_r2.gms(21) 3 Mb
--- . param4_042220.csv(1) 3 Mb 9 Errors
*** Error 361 in C:\Users\MAROS.IVANIC\OneDrive - USDA\GTAPGTM\GTM\param4_042220.csv
    Values for domain 1 are unknown - no checking possible
*** Error 362 in C:\Users\MAROS.IVANIC\OneDrive - USDA\GTAPGTM\GTM\param4_042220.csv
    Values for domain 2 are unknown - no checking possible
*** Error 363 in C:\Users\MAROS.IVANIC\OneDrive - USDA\GTAPGTM\GTM\param4_042220.csv
    Values for domain 3 are unknown - no checking possible
--- . param4_042220.csv(476) 3 Mb
--- GTM_EPABase_2020_r2.gms(27) 3 Mb
--- . cparam_p6_042220.csv(1) 3 Mb 12 Errors
*** Error 361 in C:\Users\MAROS.IVANIC\OneDrive - USDA\GTAPGTM\GTM\cparam_p6_042220.csv
    Values for domain 1 are unknown - no checking possible
*** Error 362 in C:\Users\MAROS.IVANIC\OneDrive - USDA\GTAPGTM\GTM\cparam_p6_042220.csv
    Values for domain 2 are unknown - no checking possible
*** Error 363 in C:\Users\MAROS.IVANIC\OneDrive - USDA\GTAPGTM\GTM\cparam_p6_042220.csv
    Values for domain 3 are unknown - no checking possible
--- . cparam_p6_042220.csv(476) 3 Mb
--- GTM_EPABase_2020_r2.gms(32) 3 Mb 13 Errors
*** Error 120 in C:\Users\MAROS.IVANIC\OneDrive - USDA\GTAPGTM\GTM\GTM_EPABase_2020_r2.gms
    Unknown identifier entered as set
--- GTM_EPABase_2020_r2.gms(34) 3 Mb
--- . forinv2_p6_2020.csv(476) 3 Mb
--- GTM_EPABase_2020_r2.gms(41) 3 Mb
--- . iforiN2_p6_2020.csv(1) 3 Mb 16 Errors
*** Error 361 in C:\Users\MAROS.IVANIC\OneDrive - USDA\GTAPGTM\GTM\iforiN2_p6_2020.csv
    Values for domain 1 are unknown - no checking possible
*** Error 362 in C:\Users\MAROS.IVANIC\OneDrive - USDA\GTAPGTM\GTM\iforiN2_p6_2020.csv
    Values for domain 2 are unknown - no checking possible
*** Error 363 in C:\Users\MAROS.IVANIC\OneDrive - USDA\GTAPGTM\GTM\iforiN2_p6_2020.csv
    Values for domain 3 are unknown - no checking possible
--- . iforiN2_p6_2020.csv(476) 3 Mb
--- GTM_EPABase_2020_r2.gms(45) 3 Mb 17 Errors
*** Error 140 in C:\Users\MAROS.IVANIC\OneDrive - USDA\GTAPGTM\GTM\GTM_EPABase_2020_r2.gms
    Unknown symbol
--- GTM_EPABase_2020_r2.gms(46) 3 Mb 18 Errors
*** Error 140 in C:\Users\MAROS.IVANIC\OneDrive - USDA\GTAPGTM\GTM\GTM_EPABase_2020_r2.gms
    Unknown symbol
--- GTM_EPABase_2020_r2.gms(47) 3 Mb 19 Errors
*** Error 140 in C:\Users\MAROS.IVANIC\OneDrive - USDA\GTAPGTM\GTM\GTM_EPABase_2020_r2.gms
    Unknown symbol
--- GTM_EPABase_2020_r2.gms(48) 3 Mb 20 Errors
*** Error 140 in C:\Users\MAROS.IVANIC\OneDrive - USDA\GTAPGTM\GTM\GTM_EPABase_2020_r2.gms
    Unknown symbol
--- GTM_EPABase_2020_r2.gms(49) 3 Mb 21 Errors
*** Error 140 in C:\Users\MAROS.IVANIC\OneDrive - USDA\GTAPGTM\GTM\GTM_EPABase_2020_r2.gms
    Unknown symbol
--- GTM_EPABase_2020_r2.gms(50) 3 Mb 22 Errors
*** Error 140 in C:\Users\MAROS.IVANIC\OneDrive - USDA\GTAPGTM\GTM\GTM_EPABase_2020_r2.gms
    Unknown symbol
--- GTM_EPABase_2020_r2.gms(52) 3 Mb 23 Errors
*** Error 140 in C:\Users\MAROS.IVANIC\OneDrive - USDA\GTAPGTM\GTM\GTM_EPABase_2020_r2.gms
    Unknown symbol
--- GTM_EPABase_2020_r2.gms(55) 3 Mb 24 Errors
*** Error 140 in C:\Users\MAROS.IVANIC\OneDrive - USDA\GTAPGTM\GTM\GTM_EPABase_2020_r2.gms
    Unknown symbol
--- GTM_EPABase_2020_r2.gms(63) 3 Mb 25 Errors
*** Error 140 in C:\Users\MAROS.IVANIC\OneDrive - USDA\GTAPGTM\GTM\GTM_EPABase_2020_r2.gms
    Unknown symbol
--- GTM_EPABase_2020_r2.gms(65) 3 Mb 26 Errors
*** Error 120 in C:\Users\MAROS.IVANIC\OneDrive - USDA\GTAPGTM\GTM\GTM_EPABase_2020_r2.gms
    Unknown identifier entered as set
--- GTM_EPABase_2020_r2.gms(66) 3 Mb 30 Errors
*** Error 140 in C:\Users\MAROS.IVANIC\OneDrive - USDA\GTAPGTM\GTM\GTM_EPABase_2020_r2.gms
    Unknown symbol
*** Error 140 in C:\Users\MAROS.IVANIC\OneDrive - USDA\GTAPGTM\GTM\GTM_EPABase_2020_r2.gms
    Unknown symbol
*** Error 140 in C:\Users\MAROS.IVANIC\OneDrive - USDA\GTAPGTM\GTM\GTM_EPABase_2020_r2.gms
    Unknown symbol
*** Error 140 in C:\Users\MAROS.IVANIC\OneDrive - USDA\GTAPGTM\GTM\GTM_EPABase_2020_r2.gms
    Unknown symbol
--- GTM_EPABase_2020_r2.gms(77) 3 Mb 31 Errors
*** Error 140 in C:\Users\MAROS.IVANIC\OneDrive - USDA\GTAPGTM\GTM\GTM_EPABase_2020_r2.gms
    Unknown symbol
--- GTM_EPABase_2020_r2.gms(107) 3 Mb 32 Errors
*** Error 353 in C:\Users\MAROS.IVANIC\OneDrive - USDA\GTAPGTM\GTM\GTM_EPABase_2020_r2.gms
    The domain for this index position is unknown and the element
       cannot be checked at this point. Missing data statement.
--- GTM_EPABase_2020_r2.gms(118) 3 Mb 33 Errors
*** Error 140 in C:\Users\MAROS.IVANIC\OneDrive - USDA\GTAPGTM\GTM\GTM_EPABase_2020_r2.gms
    Unknown symbol
--- GTM_EPABase_2020_r2.gms(120) 3 Mb 34 Errors
*** Error 140 in C:\Users\MAROS.IVANIC\OneDrive - USDA\GTAPGTM\GTM\GTM_EPABase_2020_r2.gms
    Unknown symbol
--- GTM_EPABase_2020_r2.gms(122) 3 Mb 35 Errors
*** Error 140 in C:\Users\MAROS.IVANIC\OneDrive - USDA\GTAPGTM\GTM\GTM_EPABase_2020_r2.gms
    Unknown symbol
--- GTM_EPABase_2020_r2.gms(128) 3 Mb 36 Errors
*** Error 140 in C:\Users\MAROS.IVANIC\OneDrive - USDA\GTAPGTM\GTM\GTM_EPABase_2020_r2.gms
    Unknown symbol
--- GTM_EPABase_2020_r2.gms(145) 3 Mb 37 Errors
*** Error 353 in C:\Users\MAROS.IVANIC\OneDrive - USDA\GTAPGTM\GTM\GTM_EPABase_2020_r2.gms
    The domain for this index position is unknown and the element
       cannot be checked at this point. Missing data statement.
--- GTM_EPABase_2020_r2.gms(150) 3 Mb 38 Errors
*** Error 353 in C:\Users\MAROS.IVANIC\OneDrive - USDA\GTAPGTM\GTM\GTM_EPABase_2020_r2.gms
    The domain for this index position is unknown and the element
       cannot be checked at this point. Missing data statement.
--- GTM_EPABase_2020_r2.gms(168) 3 Mb 39 Errors
*** Error 140 in C:\Users\MAROS.IVANIC\OneDrive - USDA\GTAPGTM\GTM\GTM_EPABase_2020_r2.gms
    Unknown symbol
--- GTM_EPABase_2020_r2.gms(171) 3 Mb 42 Errors
*** Error 120 in C:\Users\MAROS.IVANIC\OneDrive - USDA\GTAPGTM\GTM\GTM_EPABase_2020_r2.gms
    Unknown identifier entered as set
*** Error 340 in C:\Users\MAROS.IVANIC\OneDrive - USDA\GTAPGTM\GTM\GTM_EPABase_2020_r2.gms
    A label/element with the same name exist. You may have forgotten
       to quote a label/element reference. For example,
       set i / a,b,c /; parameter x(i); x('a') = 10;
*** Error 140 in C:\Users\MAROS.IVANIC\OneDrive - USDA\GTAPGTM\GTM\GTM_EPABase_2020_r2.gms
    Unknown symbol
--- GTM_EPABase_2020_r2.gms(192) 3 Mb 44 Errors
*** Error 353 in C:\Users\MAROS.IVANIC\OneDrive - USDA\GTAPGTM\GTM\GTM_EPABase_2020_r2.gms
    The domain for this index position is unknown and the element
       cannot be checked at this point. Missing data statement.
*** Error 353 in C:\Users\MAROS.IVANIC\OneDrive - USDA\GTAPGTM\GTM\GTM_EPABase_2020_r2.gms
    The domain for this index position is unknown and the element
       cannot be checked at this point. Missing data statement.
--- GTM_EPABase_2020_r2.gms(200) 3 Mb 45 Errors
*** Error 140 in C:\Users\MAROS.IVANIC\OneDrive - USDA\GTAPGTM\GTM\GTM_EPABase_2020_r2.gms
    Unknown symbol
--- GTM_EPABase_2020_r2.gms(201) 3 Mb 46 Errors
*** Error 140 in C:\Users\MAROS.IVANIC\OneDrive - USDA\GTAPGTM\GTM\GTM_EPABase_2020_r2.gms
    Unknown symbol
--- GTM_EPABase_2020_r2.gms(221) 3 Mb 47 Errors
*** Error 353 in C:\Users\MAROS.IVANIC\OneDrive - USDA\GTAPGTM\GTM\GTM_EPABase_2020_r2.gms
    The domain for this index position is unknown and the element
       cannot be checked at this point. Missing data statement.
--- GTM_EPABase_2020_r2.gms(230) 3 Mb 48 Errors
*** Error 353 in C:\Users\MAROS.IVANIC\OneDrive - USDA\GTAPGTM\GTM\GTM_EPABase_2020_r2.gms
    The domain for this index position is unknown and the element
       cannot be checked at this point. Missing data statement.
--- GTM_EPABase_2020_r2.gms(248) 3 Mb 49 Errors
*** Error 353 in C:\Users\MAROS.IVANIC\OneDrive - USDA\GTAPGTM\GTM\GTM_EPABase_2020_r2.gms
    The domain for this index position is unknown and the element
       cannot be checked at this point. Missing data statement.
--- GTM_EPABase_2020_r2.gms(315) 3 Mb 50 Errors
*** Error 140 in C:\Users\MAROS.IVANIC\OneDrive - USDA\GTAPGTM\GTM\GTM_EPABase_2020_r2.gms
    Unknown symbol
--- GTM_EPABase_2020_r2.gms(323) 3 Mb 51 Errors
*** Error 140 in C:\Users\MAROS.IVANIC\OneDrive - USDA\GTAPGTM\GTM\GTM_EPABase_2020_r2.gms
    Unknown symbol
--- GTM_EPABase_2020_r2.gms(325) 3 Mb 52 Errors
*** Error 140 in C:\Users\MAROS.IVANIC\OneDrive - USDA\GTAPGTM\GTM\GTM_EPABase_2020_r2.gms
    Unknown symbol
--- GTM_EPABase_2020_r2.gms(331) 3 Mb 53 Errors
*** Error 140 in C:\Users\MAROS.IVANIC\OneDrive - USDA\GTAPGTM\GTM\GTM_EPABase_2020_r2.gms
    Unknown symbol
--- GTM_EPABase_2020_r2.gms(364) 3 Mb 54 Errors
*** Error 120 in C:\Users\MAROS.IVANIC\OneDrive - USDA\GTAPGTM\GTM\GTM_EPABase_2020_r2.gms
    Unknown identifier entered as set
--- GTM_EPABase_2020_r2.gms(508) 3 Mb 56 Errors
*** Error 353 in C:\Users\MAROS.IVANIC\OneDrive - USDA\GTAPGTM\GTM\GTM_EPABase_2020_r2.gms
    The domain for this index position is unknown and the element
       cannot be checked at this point. Missing data statement.
*** Error 353 in C:\Users\MAROS.IVANIC\OneDrive - USDA\GTAPGTM\GTM\GTM_EPABase_2020_r2.gms
    The domain for this index position is unknown and the element
       cannot be checked at this point. Missing data statement.
--- GTM_EPABase_2020_r2.gms(511) 3 Mb 60 Errors
*** Error 353 in C:\Users\MAROS.IVANIC\OneDrive - USDA\GTAPGTM\GTM\GTM_EPABase_2020_r2.gms
    The domain for this index position is unknown and the element
       cannot be checked at this point. Missing data statement.
*** Error 353 in C:\Users\MAROS.IVANIC\OneDrive - USDA\GTAPGTM\GTM\GTM_EPABase_2020_r2.gms
    The domain for this index position is unknown and the element
       cannot be checked at this point. Missing data statement.
*** Error 353 in C:\Users\MAROS.IVANIC\OneDrive - USDA\GTAPGTM\GTM\GTM_EPABase_2020_r2.gms
    The domain for this index position is unknown and the element
       cannot be checked at this point. Missing data statement.
*** Error 353 in C:\Users\MAROS.IVANIC\OneDrive - USDA\GTAPGTM\GTM\GTM_EPABase_2020_r2.gms
    The domain for this index position is unknown and the element
       cannot be checked at this point. Missing data statement.
--- GTM_EPABase_2020_r2.gms(512) 3 Mb 64 Errors
*** Error 353 in C:\Users\MAROS.IVANIC\OneDrive - USDA\GTAPGTM\GTM\GTM_EPABase_2020_r2.gms
    The domain for this index position is unknown and the element
       cannot be checked at this point. Missing data statement.
*** Error 353 in C:\Users\MAROS.IVANIC\OneDrive - USDA\GTAPGTM\GTM\GTM_EPABase_2020_r2.gms
    The domain for this index position is unknown and the element
       cannot be checked at this point. Missing data statement.
*** Error 353 in C:\Users\MAROS.IVANIC\OneDrive - USDA\GTAPGTM\GTM\GTM_EPABase_2020_r2.gms
    The domain for this index position is unknown and the element
       cannot be checked at this point. Missing data statement.
*** Error 353 in C:\Users\MAROS.IVANIC\OneDrive - USDA\GTAPGTM\GTM\GTM_EPABase_2020_r2.gms
    The domain for this index position is unknown and the element
       cannot be checked at this point. Missing data statement.
--- GTM_EPABase_2020_r2.gms(513) 3 Mb 68 Errors
*** Error 353 in C:\Users\MAROS.IVANIC\OneDrive - USDA\GTAPGTM\GTM\GTM_EPABase_2020_r2.gms
    The domain for this index position is unknown and the element
       cannot be checked at this point. Missing data statement.
*** Error 353 in C:\Users\MAROS.IVANIC\OneDrive - USDA\GTAPGTM\GTM\GTM_EPABase_2020_r2.gms
    The domain for this index position is unknown and the element
       cannot be checked at this point. Missing data statement.
*** Error 353 in C:\Users\MAROS.IVANIC\OneDrive - USDA\GTAPGTM\GTM\GTM_EPABase_2020_r2.gms
    The domain for this index position is unknown and the element
       cannot be checked at this point. Missing data statement.
*** Error 353 in C:\Users\MAROS.IVANIC\OneDrive - USDA\GTAPGTM\GTM\GTM_EPABase_2020_r2.gms
    The domain for this index position is unknown and the element
       cannot be checked at this point. Missing data statement.
--- GTM_EPABase_2020_r2.gms(514) 3 Mb 72 Errors
*** Error 353 in C:\Users\MAROS.IVANIC\OneDrive - USDA\GTAPGTM\GTM\GTM_EPABase_2020_r2.gms
    The domain for this index position is unknown and the element
       cannot be checked at this point. Missing data statement.
*** Error 353 in C:\Users\MAROS.IVANIC\OneDrive - USDA\GTAPGTM\GTM\GTM_EPABase_2020_r2.gms
    The domain for this index position is unknown and the element
       cannot be checked at this point. Missing data statement.
*** Error 353 in C:\Users\MAROS.IVANIC\OneDrive - USDA\GTAPGTM\GTM\GTM_EPABase_2020_r2.gms
    The domain for this index position is unknown and the element
       cannot be checked at this point. Missing data statement.
*** Error 353 in C:\Users\MAROS.IVANIC\OneDrive - USDA\GTAPGTM\GTM\GTM_EPABase_2020_r2.gms
    The domain for this index position is unknown and the element
       cannot be checked at this point. Missing data statement.
--- GTM_EPABase_2020_r2.gms(515) 3 Mb 76 Errors
*** Error 353 in C:\Users\MAROS.IVANIC\OneDrive - USDA\GTAPGTM\GTM\GTM_EPABase_2020_r2.gms
    The domain for this index position is unknown and the element
       cannot be checked at this point. Missing data statement.
*** Error 353 in C:\Users\MAROS.IVANIC\OneDrive - USDA\GTAPGTM\GTM\GTM_EPABase_2020_r2.gms
    The domain for this index position is unknown and the element
       cannot be checked at this point. Missing data statement.
*** Error 353 in C:\Users\MAROS.IVANIC\OneDrive - USDA\GTAPGTM\GTM\GTM_EPABase_2020_r2.gms
    The domain for this index position is unknown and the element
       cannot be checked at this point. Missing data statement.
*** Error 353 in C:\Users\MAROS.IVANIC\OneDrive - USDA\GTAPGTM\GTM\GTM_EPABase_2020_r2.gms
    The domain for this index position is unknown and the element
       cannot be checked at this point. Missing data statement.
--- GTM_EPABase_2020_r2.gms(516) 3 Mb 80 Errors
*** Error 353 in C:\Users\MAROS.IVANIC\OneDrive - USDA\GTAPGTM\GTM\GTM_EPABase_2020_r2.gms
    The domain for this index position is unknown and the element
       cannot be checked at this point. Missing data statement.
*** Error 353 in C:\Users\MAROS.IVANIC\OneDrive - USDA\GTAPGTM\GTM\GTM_EPABase_2020_r2.gms
    The domain for this index position is unknown and the element
       cannot be checked at this point. Missing data statement.
*** Error 353 in C:\Users\MAROS.IVANIC\OneDrive - USDA\GTAPGTM\GTM\GTM_EPABase_2020_r2.gms
    The domain for this index position is unknown and the element
       cannot be checked at this point. Missing data statement.
*** Error 353 in C:\Users\MAROS.IVANIC\OneDrive - USDA\GTAPGTM\GTM\GTM_EPABase_2020_r2.gms
    The domain for this index position is unknown and the element
       cannot be checked at this point. Missing data statement.
--- GTM_EPABase_2020_r2.gms(517) 3 Mb 84 Errors
*** Error 353 in C:\Users\MAROS.IVANIC\OneDrive - USDA\GTAPGTM\GTM\GTM_EPABase_2020_r2.gms
    The domain for this index position is unknown and the element
       cannot be checked at this point. Missing data statement.
*** Error 353 in C:\Users\MAROS.IVANIC\OneDrive - USDA\GTAPGTM\GTM\GTM_EPABase_2020_r2.gms
    The domain for this index position is unknown and the element
       cannot be checked at this point. Missing data statement.
*** Error 353 in C:\Users\MAROS.IVANIC\OneDrive - USDA\GTAPGTM\GTM\GTM_EPABase_2020_r2.gms
    The domain for this index position is unknown and the element
       cannot be checked at this point. Missing data statement.
*** Error 353 in C:\Users\MAROS.IVANIC\OneDrive - USDA\GTAPGTM\GTM\GTM_EPABase_2020_r2.gms
    The domain for this index position is unknown and the element
       cannot be checked at this point. Missing data statement.
--- GTM_EPABase_2020_r2.gms(518) 3 Mb 88 Errors
*** Error 353 in C:\Users\MAROS.IVANIC\OneDrive - USDA\GTAPGTM\GTM\GTM_EPABase_2020_r2.gms
    The domain for this index position is unknown and the element
       cannot be checked at this point. Missing data statement.
*** Error 353 in C:\Users\MAROS.IVANIC\OneDrive - USDA\GTAPGTM\GTM\GTM_EPABase_2020_r2.gms
    The domain for this index position is unknown and the element
       cannot be checked at this point. Missing data statement.
*** Error 353 in C:\Users\MAROS.IVANIC\OneDrive - USDA\GTAPGTM\GTM\GTM_EPABase_2020_r2.gms
    The domain for this index position is unknown and the element
       cannot be checked at this point. Missing data statement.
*** Error 353 in C:\Users\MAROS.IVANIC\OneDrive - USDA\GTAPGTM\GTM\GTM_EPABase_2020_r2.gms
    The domain for this index position is unknown and the element
       cannot be checked at this point. Missing data statement.
--- GTM_EPABase_2020_r2.gms(519) 3 Mb 92 Errors
*** Error 353 in C:\Users\MAROS.IVANIC\OneDrive - USDA\GTAPGTM\GTM\GTM_EPABase_2020_r2.gms
    The domain for this index position is unknown and the element
       cannot be checked at this point. Missing data statement.
*** Error 353 in C:\Users\MAROS.IVANIC\OneDrive - USDA\GTAPGTM\GTM\GTM_EPABase_2020_r2.gms
    The domain for this index position is unknown and the element
       cannot be checked at this point. Missing data statement.
*** Error 353 in C:\Users\MAROS.IVANIC\OneDrive - USDA\GTAPGTM\GTM\GTM_EPABase_2020_r2.gms
    The domain for this index position is unknown and the element
       cannot be checked at this point. Missing data statement.
*** Error 353 in C:\Users\MAROS.IVANIC\OneDrive - USDA\GTAPGTM\GTM\GTM_EPABase_2020_r2.gms
    The domain for this index position is unknown and the element
       cannot be checked at this point. Missing data statement.
--- GTM_EPABase_2020_r2.gms(548) 3 Mb 94 Errors
*** Error 140 in C:\Users\MAROS.IVANIC\OneDrive - USDA\GTAPGTM\GTM\GTM_EPABase_2020_r2.gms
    Unknown symbol
*** Error 353 in C:\Users\MAROS.IVANIC\OneDrive - USDA\GTAPGTM\GTM\GTM_EPABase_2020_r2.gms
    The domain for this index position is unknown and the element
       cannot be checked at this point. Missing data statement.
--- GTM_EPABase_2020_r2.gms(549) 3 Mb 95 Errors
*** Error 353 in C:\Users\MAROS.IVANIC\OneDrive - USDA\GTAPGTM\GTM\GTM_EPABase_2020_r2.gms
    The domain for this index position is unknown and the element
       cannot be checked at this point. Missing data statement.
--- GTM_EPABase_2020_r2.gms(550) 3 Mb 97 Errors
*** Error 140 in C:\Users\MAROS.IVANIC\OneDrive - USDA\GTAPGTM\GTM\GTM_EPABase_2020_r2.gms
    Unknown symbol
*** Error 353 in C:\Users\MAROS.IVANIC\OneDrive - USDA\GTAPGTM\GTM\GTM_EPABase_2020_r2.gms
    The domain for this index position is unknown and the element
       cannot be checked at this point. Missing data statement.
--- GTM_EPABase_2020_r2.gms(551) 3 Mb 98 Errors
*** Error 353 in C:\Users\MAROS.IVANIC\OneDrive - USDA\GTAPGTM\GTM\GTM_EPABase_2020_r2.gms
    The domain for this index position is unknown and the element
       cannot be checked at this point. Missing data statement.
--- GTM_EPABase_2020_r2.gms(553) 3 Mb 99 Errors
*** Error 140 in C:\Users\MAROS.IVANIC\OneDrive - USDA\GTAPGTM\GTM\GTM_EPABase_2020_r2.gms
    Unknown symbol
--- GTM_EPABase_2020_r2.gms(556) 3 Mb 100 Errors
*** Error 140 in C:\Users\MAROS.IVANIC\OneDrive - USDA\GTAPGTM\GTM\GTM_EPABase_2020_r2.gms
    Unknown symbol
--- GTM_EPABase_2020_r2.gms(558) 3 Mb 101 Errors
*** Error 140 in C:\Users\MAROS.IVANIC\OneDrive - USDA\GTAPGTM\GTM\GTM_EPABase_2020_r2.gms
    Unknown symbol
--- GTM_EPABase_2020_r2.gms(560) 3 Mb 102 Errors
*** Error 140 in C:\Users\MAROS.IVANIC\OneDrive - USDA\GTAPGTM\GTM\GTM_EPABase_2020_r2.gms
    Unknown symbol
--- GTM_EPABase_2020_r2.gms(561) 3 Mb 103 Errors
*** Error 140 in C:\Users\MAROS.IVANIC\OneDrive - USDA\GTAPGTM\GTM\GTM_EPABase_2020_r2.gms
    Unknown symbol
--- GTM_EPABase_2020_r2.gms(565) 3 Mb 104 Errors
*** Error 140 in C:\Users\MAROS.IVANIC\OneDrive - USDA\GTAPGTM\GTM\GTM_EPABase_2020_r2.gms
    Unknown symbol
--- GTM_EPABase_2020_r2.gms(572) 3 Mb 105 Errors
*** Error 140 in C:\Users\MAROS.IVANIC\OneDrive - USDA\GTAPGTM\GTM\GTM_EPABase_2020_r2.gms
    Unknown symbol
--- GTM_EPABase_2020_r2.gms(573) 3 Mb 106 Errors
*** Error 140 in C:\Users\MAROS.IVANIC\OneDrive - USDA\GTAPGTM\GTM\GTM_EPABase_2020_r2.gms
    Unknown symbol
--- GTM_EPABase_2020_r2.gms(582) 3 Mb 108 Errors
*** Error 241 in C:\Users\MAROS.IVANIC\OneDrive - USDA\GTAPGTM\GTM\GTM_EPABase_2020_r2.gms
    Model has not been defined
*** Error 257 in C:\Users\MAROS.IVANIC\OneDrive - USDA\GTAPGTM\GTM\GTM_EPABase_2020_r2.gms
    Solve statement not checked because of previous errors
--- GTM_EPABase_2020_r2.gms(648) 3 Mb 109 Errors
*** Error 140 in C:\Users\MAROS.IVANIC\OneDrive - USDA\GTAPGTM\GTM\GTM_EPABase_2020_r2.gms
    Unknown symbol
--- GTM_EPABase_2020_r2.gms(649) 3 Mb 110 Errors
*** Error 140 in C:\Users\MAROS.IVANIC\OneDrive - USDA\GTAPGTM\GTM\GTM_EPABase_2020_r2.gms
    Unknown symbol
--- GTM_EPABase_2020_r2.gms(662) 3 Mb 111 Errors
*** Error 140 in C:\Users\MAROS.IVANIC\OneDrive - USDA\GTAPGTM\GTM\GTM_EPABase_2020_r2.gms
    Unknown symbol
--- GTM_EPABase_2020_r2.gms(674) 3 Mb 112 Errors
*** Error 140 in C:\Users\MAROS.IVANIC\OneDrive - USDA\GTAPGTM\GTM\GTM_EPABase_2020_r2.gms
    Unknown symbol
--- GTM_EPABase_2020_r2.gms(721) 3 Mb 113 Errors
*** Error 140 in C:\Users\MAROS.IVANIC\OneDrive - USDA\GTAPGTM\GTM\GTM_EPABase_2020_r2.gms
    Unknown symbol
--- GTM_EPABase_2020_r2.gms(805) 3 Mb 114 Errors
*** Error 140 in C:\Users\MAROS.IVANIC\OneDrive - USDA\GTAPGTM\GTM\GTM_EPABase_2020_r2.gms
    Unknown symbol
--- GTM_EPABase_2020_r2.gms(895) 3 Mb 115 Errors
*** Error 120 in C:\Users\MAROS.IVANIC\OneDrive - USDA\GTAPGTM\GTM\GTM_EPABase_2020_r2.gms
    Unknown identifier entered as set
--- GTM_EPABase_2020_r2.gms(1175) 3 Mb 116 Errors
*** Error 353 in C:\Users\MAROS.IVANIC\OneDrive - USDA\GTAPGTM\GTM\GTM_EPABase_2020_r2.gms
    The domain for this index position is unknown and the element
       cannot be checked at this point. Missing data statement.
--- GTM_EPABase_2020_r2.gms(1176) 3 Mb 117 Errors
*** Error 353 in C:\Users\MAROS.IVANIC\OneDrive - USDA\GTAPGTM\GTM\GTM_EPABase_2020_r2.gms
    The domain for this index position is unknown and the element
       cannot be checked at this point. Missing data statement.
--- GTM_EPABase_2020_r2.gms(1181) 3 Mb 118 Errors
*** Error 353 in C:\Users\MAROS.IVANIC\OneDrive - USDA\GTAPGTM\GTM\GTM_EPABase_2020_r2.gms
    The domain for this index position is unknown and the element
       cannot be checked at this point. Missing data statement.
--- GTM_EPABase_2020_r2.gms(1182) 3 Mb 119 Errors
*** Error 353 in C:\Users\MAROS.IVANIC\OneDrive - USDA\GTAPGTM\GTM\GTM_EPABase_2020_r2.gms
    The domain for this index position is unknown and the element
       cannot be checked at this point. Missing data statement.
--- GTM_EPABase_2020_r2.gms(1184) 3 Mb 120 Errors
*** Error 353 in C:\Users\MAROS.IVANIC\OneDrive - USDA\GTAPGTM\GTM\GTM_EPABase_2020_r2.gms
    The domain for this index position is unknown and the element
       cannot be checked at this point. Missing data statement.
--- GTM_EPABase_2020_r2.gms(1189) 3 Mb 121 Errors
*** Error 353 in C:\Users\MAROS.IVANIC\OneDrive - USDA\GTAPGTM\GTM\GTM_EPABase_2020_r2.gms
    The domain for this index position is unknown and the element
       cannot be checked at this point. Missing data statement.
--- GTM_EPABase_2020_r2.gms(1194) 3 Mb 122 Errors
*** Error 353 in C:\Users\MAROS.IVANIC\OneDrive - USDA\GTAPGTM\GTM\GTM_EPABase_2020_r2.gms
    The domain for this index position is unknown and the element
       cannot be checked at this point. Missing data statement.
--- GTM_EPABase_2020_r2.gms(1199) 3 Mb 123 Errors
*** Error 353 in C:\Users\MAROS.IVANIC\OneDrive - USDA\GTAPGTM\GTM\GTM_EPABase_2020_r2.gms
    The domain for this index position is unknown and the element
       cannot be checked at this point. Missing data statement.
--- GTM_EPABase_2020_r2.gms(1204) 3 Mb 124 Errors
*** Error 353 in C:\Users\MAROS.IVANIC\OneDrive - USDA\GTAPGTM\GTM\GTM_EPABase_2020_r2.gms
    The domain for this index position is unknown and the element
       cannot be checked at this point. Missing data statement.
--- GTM_EPABase_2020_r2.gms(1209) 3 Mb 125 Errors
*** Error 353 in C:\Users\MAROS.IVANIC\OneDrive - USDA\GTAPGTM\GTM\GTM_EPABase_2020_r2.gms
    The domain for this index position is unknown and the element
       cannot be checked at this point. Missing data statement.
--- GTM_EPABase_2020_r2.gms(1214) 3 Mb 126 Errors
*** Error 353 in C:\Users\MAROS.IVANIC\OneDrive - USDA\GTAPGTM\GTM\GTM_EPABase_2020_r2.gms
    The domain for this index position is unknown and the element
       cannot be checked at this point. Missing data statement.
--- GTM_EPABase_2020_r2.gms(1283) 3 Mb 127 Errors
*** Error 353 in C:\Users\MAROS.IVANIC\OneDrive - USDA\GTAPGTM\GTM\GTM_EPABase_2020_r2.gms
    The domain for this index position is unknown and the element
       cannot be checked at this point. Missing data statement.
--- GTM_EPABase_2020_r2.gms(1300) 3 Mb 128 Errors
*** Error 353 in C:\Users\MAROS.IVANIC\OneDrive - USDA\GTAPGTM\GTM\GTM_EPABase_2020_r2.gms
    The domain for this index position is unknown and the element
       cannot be checked at this point. Missing data statement.
--- GTM_EPABase_2020_r2.gms(1318) 3 Mb 129 Errors
*** Error 353 in C:\Users\MAROS.IVANIC\OneDrive - USDA\GTAPGTM\GTM\GTM_EPABase_2020_r2.gms
    The domain for this index position is unknown and the element
       cannot be checked at this point. Missing data statement.
--- GTM_EPABase_2020_r2.gms(1608) 3 Mb 130 Errors
*** Error 353 in C:\Users\MAROS.IVANIC\OneDrive - USDA\GTAPGTM\GTM\GTM_EPABase_2020_r2.gms
    The domain for this index position is unknown and the element
       cannot be checked at this point. Missing data statement.
--- GTM_EPABase_2020_r2.gms(1614) 3 Mb 131 Errors
*** Error 353 in C:\Users\MAROS.IVANIC\OneDrive - USDA\GTAPGTM\GTM\GTM_EPABase_2020_r2.gms
    The domain for this index position is unknown and the element
       cannot be checked at this point. Missing data statement.
--- GTM_EPABase_2020_r2.gms(1622) 3 Mb 132 Errors
*** Error 353 in C:\Users\MAROS.IVANIC\OneDrive - USDA\GTAPGTM\GTM\GTM_EPABase_2020_r2.gms
    The domain for this index position is unknown and the element
       cannot be checked at this point. Missing data statement.
--- GTM_EPABase_2020_r2.gms(1628) 3 Mb 133 Errors
*** Error 353 in C:\Users\MAROS.IVANIC\OneDrive - USDA\GTAPGTM\GTM\GTM_EPABase_2020_r2.gms
    The domain for this index position is unknown and the element
       cannot be checked at this point. Missing data statement.
--- GTM_EPABase_2020_r2.gms(1660) 3 Mb 136 Errors
*** Error 353 in C:\Users\MAROS.IVANIC\OneDrive - USDA\GTAPGTM\GTM\GTM_EPABase_2020_r2.gms
    The domain for this index position is unknown and the element
       cannot be checked at this point. Missing data statement.
*** Error 353 in C:\Users\MAROS.IVANIC\OneDrive - USDA\GTAPGTM\GTM\GTM_EPABase_2020_r2.gms
    The domain for this index position is unknown and the element
       cannot be checked at this point. Missing data statement.
*** Error 353 in C:\Users\MAROS.IVANIC\OneDrive - USDA\GTAPGTM\GTM\GTM_EPABase_2020_r2.gms
    The domain for this index position is unknown and the element
       cannot be checked at this point. Missing data statement.
--- GTM_EPABase_2020_r2.gms(1661) 3 Mb 140 Errors
*** Error 353 in C:\Users\MAROS.IVANIC\OneDrive - USDA\GTAPGTM\GTM\GTM_EPABase_2020_r2.gms
    The domain for this index position is unknown and the element
       cannot be checked at this point. Missing data statement.
*** Error 353 in C:\Users\MAROS.IVANIC\OneDrive - USDA\GTAPGTM\GTM\GTM_EPABase_2020_r2.gms
    The domain for this index position is unknown and the element
       cannot be checked at this point. Missing data statement.
*** Error 353 in C:\Users\MAROS.IVANIC\OneDrive - USDA\GTAPGTM\GTM\GTM_EPABase_2020_r2.gms
    The domain for this index position is unknown and the element
       cannot be checked at this point. Missing data statement.
*** Error 353 in C:\Users\MAROS.IVANIC\OneDrive - USDA\GTAPGTM\GTM\GTM_EPABase_2020_r2.gms
    The domain for this index position is unknown and the element
       cannot be checked at this point. Missing data statement.
--- GTM_EPABase_2020_r2.gms(1662) 3 Mb 143 Errors
*** Error 353 in C:\Users\MAROS.IVANIC\OneDrive - USDA\GTAPGTM\GTM\GTM_EPABase_2020_r2.gms
    The domain for this index position is unknown and the element
       cannot be checked at this point. Missing data statement.
*** Error 353 in C:\Users\MAROS.IVANIC\OneDrive - USDA\GTAPGTM\GTM\GTM_EPABase_2020_r2.gms
    The domain for this index position is unknown and the element
       cannot be checked at this point. Missing data statement.
*** Error 353 in C:\Users\MAROS.IVANIC\OneDrive - USDA\GTAPGTM\GTM\GTM_EPABase_2020_r2.gms
    The domain for this index position is unknown and the element
       cannot be checked at this point. Missing data statement.
--- GTM_EPABase_2020_r2.gms(1673) 3 Mb 145 Errors
*** Error 353 in C:\Users\MAROS.IVANIC\OneDrive - USDA\GTAPGTM\GTM\GTM_EPABase_2020_r2.gms
    The domain for this index position is unknown and the element
       cannot be checked at this point. Missing data statement.
*** Error 353 in C:\Users\MAROS.IVANIC\OneDrive - USDA\GTAPGTM\GTM\GTM_EPABase_2020_r2.gms
    The domain for this index position is unknown and the element
       cannot be checked at this point. Missing data statement.
--- GTM_EPABase_2020_r2.gms(1674) 3 Mb 147 Errors
*** Error 353 in C:\Users\MAROS.IVANIC\OneDrive - USDA\GTAPGTM\GTM\GTM_EPABase_2020_r2.gms
    The domain for this index position is unknown and the element
       cannot be checked at this point. Missing data statement.
*** Error 353 in C:\Users\MAROS.IVANIC\OneDrive - USDA\GTAPGTM\GTM\GTM_EPABase_2020_r2.gms
    The domain for this index position is unknown and the element
       cannot be checked at this point. Missing data statement.
--- GTM_EPABase_2020_r2.gms(1675) 3 Mb 149 Errors
*** Error 353 in C:\Users\MAROS.IVANIC\OneDrive - USDA\GTAPGTM\GTM\GTM_EPABase_2020_r2.gms
    The domain for this index position is unknown and the element
       cannot be checked at this point. Missing data statement.
*** Error 353 in C:\Users\MAROS.IVANIC\OneDrive - USDA\GTAPGTM\GTM\GTM_EPABase_2020_r2.gms
    The domain for this index position is unknown and the element
       cannot be checked at this point. Missing data statement.
--- GTM_EPABase_2020_r2.gms(1676) 3 Mb 151 Errors
*** Error 353 in C:\Users\MAROS.IVANIC\OneDrive - USDA\GTAPGTM\GTM\GTM_EPABase_2020_r2.gms
    The domain for this index position is unknown and the element
       cannot be checked at this point. Missing data statement.
*** Error 353 in C:\Users\MAROS.IVANIC\OneDrive - USDA\GTAPGTM\GTM\GTM_EPABase_2020_r2.gms
    The domain for this index position is unknown and the element
       cannot be checked at this point. Missing data statement.
--- GTM_EPABase_2020_r2.gms(1677) 3 Mb 153 Errors
*** Error 353 in C:\Users\MAROS.IVANIC\OneDrive - USDA\GTAPGTM\GTM\GTM_EPABase_2020_r2.gms
    The domain for this index position is unknown and the element
       cannot be checked at this point. Missing data statement.
*** Error 353 in C:\Users\MAROS.IVANIC\OneDrive - USDA\GTAPGTM\GTM\GTM_EPABase_2020_r2.gms
    The domain for this index position is unknown and the element
       cannot be checked at this point. Missing data statement.
--- GTM_EPABase_2020_r2.gms(1678) 3 Mb 155 Errors
*** Error 353 in C:\Users\MAROS.IVANIC\OneDrive - USDA\GTAPGTM\GTM\GTM_EPABase_2020_r2.gms
    The domain for this index position is unknown and the element
       cannot be checked at this point. Missing data statement.
*** Error 353 in C:\Users\MAROS.IVANIC\OneDrive - USDA\GTAPGTM\GTM\GTM_EPABase_2020_r2.gms
    The domain for this index position is unknown and the element
       cannot be checked at this point. Missing data statement.
--- GTM_EPABase_2020_r2.gms(1680) 3 Mb 156 Errors
*** Error 353 in C:\Users\MAROS.IVANIC\OneDrive - USDA\GTAPGTM\GTM\GTM_EPABase_2020_r2.gms
    The domain for this index position is unknown and the element
       cannot be checked at this point. Missing data statement.
--- GTM_EPABase_2020_r2.gms(1681) 3 Mb 157 Errors
*** Error 353 in C:\Users\MAROS.IVANIC\OneDrive - USDA\GTAPGTM\GTM\GTM_EPABase_2020_r2.gms
    The domain for this index position is unknown and the element
       cannot be checked at this point. Missing data statement.
--- GTM_EPABase_2020_r2.gms(1682) 3 Mb 158 Errors
*** Error 353 in C:\Users\MAROS.IVANIC\OneDrive - USDA\GTAPGTM\GTM\GTM_EPABase_2020_r2.gms
    The domain for this index position is unknown and the element
       cannot be checked at this point. Missing data statement.
--- GTM_EPABase_2020_r2.gms(1683) 3 Mb 159 Errors
*** Error 353 in C:\Users\MAROS.IVANIC\OneDrive - USDA\GTAPGTM\GTM\GTM_EPABase_2020_r2.gms
    The domain for this index position is unknown and the element
       cannot be checked at this point. Missing data statement.
--- GTM_EPABase_2020_r2.gms(1684) 3 Mb 160 Errors
*** Error 353 in C:\Users\MAROS.IVANIC\OneDrive - USDA\GTAPGTM\GTM\GTM_EPABase_2020_r2.gms
    The domain for this index position is unknown and the element
       cannot be checked at this point. Missing data statement.
--- GTM_EPABase_2020_r2.gms(1685) 3 Mb 161 Errors
*** Error 353 in C:\Users\MAROS.IVANIC\OneDrive - USDA\GTAPGTM\GTM\GTM_EPABase_2020_r2.gms
    The domain for this index position is unknown and the element
       cannot be checked at this point. Missing data statement.
--- GTM_EPABase_2020_r2.gms(1718) 3 Mb 162 Errors
*** Error 120 in C:\Users\MAROS.IVANIC\OneDrive - USDA\GTAPGTM\GTM\GTM_EPABase_2020_r2.gms
    Unknown identifier entered as set
--- GTM_EPABase_2020_r2.gms(1721) 3 Mb 163 Errors
*** Error 353 in C:\Users\MAROS.IVANIC\OneDrive - USDA\GTAPGTM\GTM\GTM_EPABase_2020_r2.gms
    The domain for this index position is unknown and the element
       cannot be checked at this point. Missing data statement.
--- GTM_EPABase_2020_r2.gms(1722) 3 Mb 164 Errors
*** Error 353 in C:\Users\MAROS.IVANIC\OneDrive - USDA\GTAPGTM\GTM\GTM_EPABase_2020_r2.gms
    The domain for this index position is unknown and the element
       cannot be checked at this point. Missing data statement.
--- GTM_EPABase_2020_r2.gms(1730) 3 Mb 165 Errors
*** Error 353 in C:\Users\MAROS.IVANIC\OneDrive - USDA\GTAPGTM\GTM\GTM_EPABase_2020_r2.gms
    The domain for this index position is unknown and the element
       cannot be checked at this point. Missing data statement.
--- GTM_EPABase_2020_r2.gms(1748) 3 Mb 166 Errors
*** Error 353 in C:\Users\MAROS.IVANIC\OneDrive - USDA\GTAPGTM\GTM\GTM_EPABase_2020_r2.gms
    The domain for this index position is unknown and the element
       cannot be checked at this point. Missing data statement.
--- GTM_EPABase_2020_r2.gms(1751) 3 Mb 167 Errors
*** Error 353 in C:\Users\MAROS.IVANIC\OneDrive - USDA\GTAPGTM\GTM\GTM_EPABase_2020_r2.gms
    The domain for this index position is unknown and the element
       cannot be checked at this point. Missing data statement.
--- GTM_EPABase_2020_r2.gms(1759) 3 Mb 169 Errors
*** Error 353 in C:\Users\MAROS.IVANIC\OneDrive - USDA\GTAPGTM\GTM\GTM_EPABase_2020_r2.gms
    The domain for this index position is unknown and the element
       cannot be checked at this point. Missing data statement.
*** Error 353 in C:\Users\MAROS.IVANIC\OneDrive - USDA\GTAPGTM\GTM\GTM_EPABase_2020_r2.gms
    The domain for this index position is unknown and the element
       cannot be checked at this point. Missing data statement.
--- GTM_EPABase_2020_r2.gms(1768) 3 Mb 170 Errors
*** Error 353 in C:\Users\MAROS.IVANIC\OneDrive - USDA\GTAPGTM\GTM\GTM_EPABase_2020_r2.gms
    The domain for this index position is unknown and the element
       cannot be checked at this point. Missing data statement.
--- GTM_EPABase_2020_r2.gms(1772) 3 Mb 171 Errors
*** Error 353 in C:\Users\MAROS.IVANIC\OneDrive - USDA\GTAPGTM\GTM\GTM_EPABase_2020_r2.gms
    The domain for this index position is unknown and the element
       cannot be checked at this point. Missing data statement.
--- GTM_EPABase_2020_r2.gms(1780) 3 Mb 173 Errors
*** Error 353 in C:\Users\MAROS.IVANIC\OneDrive - USDA\GTAPGTM\GTM\GTM_EPABase_2020_r2.gms
    The domain for this index position is unknown and the element
       cannot be checked at this point. Missing data statement.
*** Error 353 in C:\Users\MAROS.IVANIC\OneDrive - USDA\GTAPGTM\GTM\GTM_EPABase_2020_r2.gms
    The domain for this index position is unknown and the element
       cannot be checked at this point. Missing data statement.
--- GTM_EPABase_2020_r2.gms(1803) 3 Mb 174 Errors
*** Error 353 in C:\Users\MAROS.IVANIC\OneDrive - USDA\GTAPGTM\GTM\GTM_EPABase_2020_r2.gms
    The domain for this index position is unknown and the element
       cannot be checked at this point. Missing data statement.
--- GTM_EPABase_2020_r2.gms(1805) 3 Mb 175 Errors
*** Error 140 in C:\Users\MAROS.IVANIC\OneDrive - USDA\GTAPGTM\GTM\GTM_EPABase_2020_r2.gms
    Unknown symbol
--- GTM_EPABase_2020_r2.gms(1809) 3 Mb 176 Errors
*** Error 353 in C:\Users\MAROS.IVANIC\OneDrive - USDA\GTAPGTM\GTM\GTM_EPABase_2020_r2.gms
    The domain for this index position is unknown and the element
       cannot be checked at this point. Missing data statement.
--- GTM_EPABase_2020_r2.gms(1816) 3 Mb 177 Errors
*** Error 353 in C:\Users\MAROS.IVANIC\OneDrive - USDA\GTAPGTM\GTM\GTM_EPABase_2020_r2.gms
    The domain for this index position is unknown and the element
       cannot be checked at this point. Missing data statement.
--- GTM_EPABase_2020_r2.gms(1857) 3 Mb 178 Errors
*** Error 353 in C:\Users\MAROS.IVANIC\OneDrive - USDA\GTAPGTM\GTM\GTM_EPABase_2020_r2.gms
    The domain for this index position is unknown and the element
       cannot be checked at this point. Missing data statement.
--- GTM_EPABase_2020_r2.gms(1859) 3 Mb 180 Errors
*** Error 140 in C:\Users\MAROS.IVANIC\OneDrive - USDA\GTAPGTM\GTM\GTM_EPABase_2020_r2.gms
    Unknown symbol
*** Error 140 in C:\Users\MAROS.IVANIC\OneDrive - USDA\GTAPGTM\GTM\GTM_EPABase_2020_r2.gms
    Unknown symbol
--- GTM_EPABase_2020_r2.gms(1865) 3 Mb 181 Errors
*** Error 353 in C:\Users\MAROS.IVANIC\OneDrive - USDA\GTAPGTM\GTM\GTM_EPABase_2020_r2.gms
    The domain for this index position is unknown and the element
       cannot be checked at this point. Missing data statement.
--- GTM_EPABase_2020_r2.gms(1872) 3 Mb 182 Errors
*** Error 353 in C:\Users\MAROS.IVANIC\OneDrive - USDA\GTAPGTM\GTM\GTM_EPABase_2020_r2.gms
    The domain for this index position is unknown and the element
       cannot be checked at this point. Missing data statement.
--- GTM_EPABase_2020_r2.gms(2143) 3 Mb 183 Errors
*** Error 353 in C:\Users\MAROS.IVANIC\OneDrive - USDA\GTAPGTM\GTM\GTM_EPABase_2020_r2.gms
    The domain for this index position is unknown and the element
       cannot be checked at this point. Missing data statement.
--- GTM_EPABase_2020_r2.gms(2148) 3 Mb 184 Errors
*** Error 353 in C:\Users\MAROS.IVANIC\OneDrive - USDA\GTAPGTM\GTM\GTM_EPABase_2020_r2.gms
    The domain for this index position is unknown and the element
       cannot be checked at this point. Missing data statement.
--- GTM_EPABase_2020_r2.gms(2153) 3 Mb 185 Errors
*** Error 353 in C:\Users\MAROS.IVANIC\OneDrive - USDA\GTAPGTM\GTM\GTM_EPABase_2020_r2.gms
    The domain for this index position is unknown and the element
       cannot be checked at this point. Missing data statement.
--- GTM_EPABase_2020_r2.gms(2182) 3 Mb 187 Errors
*** Error 353 in C:\Users\MAROS.IVANIC\OneDrive - USDA\GTAPGTM\GTM\GTM_EPABase_2020_r2.gms
    The domain for this index position is unknown and the element
       cannot be checked at this point. Missing data statement.
*** Error 353 in C:\Users\MAROS.IVANIC\OneDrive - USDA\GTAPGTM\GTM\GTM_EPABase_2020_r2.gms
    The domain for this index position is unknown and the element
       cannot be checked at this point. Missing data statement.
--- GTM_EPABase_2020_r2.gms(2183) 3 Mb 190 Errors
*** Error 353 in C:\Users\MAROS.IVANIC\OneDrive - USDA\GTAPGTM\GTM\GTM_EPABase_2020_r2.gms
    The domain for this index position is unknown and the element
       cannot be checked at this point. Missing data statement.
*** Error 353 in C:\Users\MAROS.IVANIC\OneDrive - USDA\GTAPGTM\GTM\GTM_EPABase_2020_r2.gms
    The domain for this index position is unknown and the element
       cannot be checked at this point. Missing data statement.
*** Error 353 in C:\Users\MAROS.IVANIC\OneDrive - USDA\GTAPGTM\GTM\GTM_EPABase_2020_r2.gms
    The domain for this index position is unknown and the element
       cannot be checked at this point. Missing data statement.
--- GTM_EPABase_2020_r2.gms(2184) 3 Mb 192 Errors
*** Error 353 in C:\Users\MAROS.IVANIC\OneDrive - USDA\GTAPGTM\GTM\GTM_EPABase_2020_r2.gms
    The domain for this index position is unknown and the element
       cannot be checked at this point. Missing data statement.
*** Error 353 in C:\Users\MAROS.IVANIC\OneDrive - USDA\GTAPGTM\GTM\GTM_EPABase_2020_r2.gms
    The domain for this index position is unknown and the element
       cannot be checked at this point. Missing data statement.
--- GTM_EPABase_2020_r2.gms(2187) 3 Mb 195 Errors
*** Error 353 in C:\Users\MAROS.IVANIC\OneDrive - USDA\GTAPGTM\GTM\GTM_EPABase_2020_r2.gms
    The domain for this index position is unknown and the element
       cannot be checked at this point. Missing data statement.
*** Error 353 in C:\Users\MAROS.IVANIC\OneDrive - USDA\GTAPGTM\GTM\GTM_EPABase_2020_r2.gms
    The domain for this index position is unknown and the element
       cannot be checked at this point. Missing data statement.
*** Error 353 in C:\Users\MAROS.IVANIC\OneDrive - USDA\GTAPGTM\GTM\GTM_EPABase_2020_r2.gms
    The domain for this index position is unknown and the element
       cannot be checked at this point. Missing data statement.
--- GTM_EPABase_2020_r2.gms(2188) 3 Mb 198 Errors
*** Error 353 in C:\Users\MAROS.IVANIC\OneDrive - USDA\GTAPGTM\GTM\GTM_EPABase_2020_r2.gms
    The domain for this index position is unknown and the element
       cannot be checked at this point. Missing data statement.
*** Error 353 in C:\Users\MAROS.IVANIC\OneDrive - USDA\GTAPGTM\GTM\GTM_EPABase_2020_r2.gms
    The domain for this index position is unknown and the element
       cannot be checked at this point. Missing data statement.
*** Error 353 in C:\Users\MAROS.IVANIC\OneDrive - USDA\GTAPGTM\GTM\GTM_EPABase_2020_r2.gms
    The domain for this index position is unknown and the element
       cannot be checked at this point. Missing data statement.
--- GTM_EPABase_2020_r2.gms(2189) 3 Mb 201 Errors
*** Error 353 in C:\Users\MAROS.IVANIC\OneDrive - USDA\GTAPGTM\GTM\GTM_EPABase_2020_r2.gms
    The domain for this index position is unknown and the element
       cannot be checked at this point. Missing data statement.
*** Error 353 in C:\Users\MAROS.IVANIC\OneDrive - USDA\GTAPGTM\GTM\GTM_EPABase_2020_r2.gms
    The domain for this index position is unknown and the element
       cannot be checked at this point. Missing data statement.
*** Error 353 in C:\Users\MAROS.IVANIC\OneDrive - USDA\GTAPGTM\GTM\GTM_EPABase_2020_r2.gms
    The domain for this index position is unknown and the element
       cannot be checked at this point. Missing data statement.
--- GTM_EPABase_2020_r2.gms(2192) 3 Mb 204 Errors
*** Error 353 in C:\Users\MAROS.IVANIC\OneDrive - USDA\GTAPGTM\GTM\GTM_EPABase_2020_r2.gms
    The domain for this index position is unknown and the element
       cannot be checked at this point. Missing data statement.
*** Error 353 in C:\Users\MAROS.IVANIC\OneDrive - USDA\GTAPGTM\GTM\GTM_EPABase_2020_r2.gms
    The domain for this index position is unknown and the element
       cannot be checked at this point. Missing data statement.
*** Error 353 in C:\Users\MAROS.IVANIC\OneDrive - USDA\GTAPGTM\GTM\GTM_EPABase_2020_r2.gms
    The domain for this index position is unknown and the element
       cannot be checked at this point. Missing data statement.
--- GTM_EPABase_2020_r2.gms(2193) 3 Mb 207 Errors
*** Error 353 in C:\Users\MAROS.IVANIC\OneDrive - USDA\GTAPGTM\GTM\GTM_EPABase_2020_r2.gms
    The domain for this index position is unknown and the element
       cannot be checked at this point. Missing data statement.
*** Error 353 in C:\Users\MAROS.IVANIC\OneDrive - USDA\GTAPGTM\GTM\GTM_EPABase_2020_r2.gms
    The domain for this index position is unknown and the element
       cannot be checked at this point. Missing data statement.
*** Error 353 in C:\Users\MAROS.IVANIC\OneDrive - USDA\GTAPGTM\GTM\GTM_EPABase_2020_r2.gms
    The domain for this index position is unknown and the element
       cannot be checked at this point. Missing data statement.
--- GTM_EPABase_2020_r2.gms(2194) 3 Mb 210 Errors
*** Error 353 in C:\Users\MAROS.IVANIC\OneDrive - USDA\GTAPGTM\GTM\GTM_EPABase_2020_r2.gms
    The domain for this index position is unknown and the element
       cannot be checked at this point. Missing data statement.
*** Error 353 in C:\Users\MAROS.IVANIC\OneDrive - USDA\GTAPGTM\GTM\GTM_EPABase_2020_r2.gms
    The domain for this index position is unknown and the element
       cannot be checked at this point. Missing data statement.
*** Error 353 in C:\Users\MAROS.IVANIC\OneDrive - USDA\GTAPGTM\GTM\GTM_EPABase_2020_r2.gms
    The domain for this index position is unknown and the element
       cannot be checked at this point. Missing data statement.
--- GTM_EPABase_2020_r2.gms(2197) 3 Mb 212 Errors
*** Error 353 in C:\Users\MAROS.IVANIC\OneDrive - USDA\GTAPGTM\GTM\GTM_EPABase_2020_r2.gms
    The domain for this index position is unknown and the element
       cannot be checked at this point. Missing data statement.
*** Error 353 in C:\Users\MAROS.IVANIC\OneDrive - USDA\GTAPGTM\GTM\GTM_EPABase_2020_r2.gms
    The domain for this index position is unknown and the element
       cannot be checked at this point. Missing data statement.
--- GTM_EPABase_2020_r2.gms(2200) 3 Mb 214 Errors
*** Error 353 in C:\Users\MAROS.IVANIC\OneDrive - USDA\GTAPGTM\GTM\GTM_EPABase_2020_r2.gms
    The domain for this index position is unknown and the element
       cannot be checked at this point. Missing data statement.
*** Error 353 in C:\Users\MAROS.IVANIC\OneDrive - USDA\GTAPGTM\GTM\GTM_EPABase_2020_r2.gms
    The domain for this index position is unknown and the element
       cannot be checked at this point. Missing data statement.
--- GTM_EPABase_2020_r2.gms(2203) 3 Mb 215 Errors
*** Error 353 in C:\Users\MAROS.IVANIC\OneDrive - USDA\GTAPGTM\GTM\GTM_EPABase_2020_r2.gms
    The domain for this index position is unknown and the element
       cannot be checked at this point. Missing data statement.
--- GTM_EPABase_2020_r2.gms(2204) 3 Mb 217 Errors
*** Error 353 in C:\Users\MAROS.IVANIC\OneDrive - USDA\GTAPGTM\GTM\GTM_EPABase_2020_r2.gms
    The domain for this index position is unknown and the element
       cannot be checked at this point. Missing data statement.
*** Error 353 in C:\Users\MAROS.IVANIC\OneDrive - USDA\GTAPGTM\GTM\GTM_EPABase_2020_r2.gms
    The domain for this index position is unknown and the element
       cannot be checked at this point. Missing data statement.
--- GTM_EPABase_2020_r2.gms(2205) 3 Mb 219 Errors
*** Error 353 in C:\Users\MAROS.IVANIC\OneDrive - USDA\GTAPGTM\GTM\GTM_EPABase_2020_r2.gms
    The domain for this index position is unknown and the element
       cannot be checked at this point. Missing data statement.
*** Error 353 in C:\Users\MAROS.IVANIC\OneDrive - USDA\GTAPGTM\GTM\GTM_EPABase_2020_r2.gms
    The domain for this index position is unknown and the element
       cannot be checked at this point. Missing data statement.
--- GTM_EPABase_2020_r2.gms(2206) 3 Mb 220 Errors
*** Error 353 in C:\Users\MAROS.IVANIC\OneDrive - USDA\GTAPGTM\GTM\GTM_EPABase_2020_r2.gms
    The domain for this index position is unknown and the element
       cannot be checked at this point. Missing data statement.
--- GTM_EPABase_2020_r2.gms(2218) 3 Mb 222 Errors
*** Error 140 in C:\Users\MAROS.IVANIC\OneDrive - USDA\GTAPGTM\GTM\GTM_EPABase_2020_r2.gms
    Unknown symbol
*** Error 140 in C:\Users\MAROS.IVANIC\OneDrive - USDA\GTAPGTM\GTM\GTM_EPABase_2020_r2.gms
    Unknown symbol
--- GTM_EPABase_2020_r2.gms(2224) 3 Mb 223 Errors
*** Error 140 in C:\Users\MAROS.IVANIC\OneDrive - USDA\GTAPGTM\GTM\GTM_EPABase_2020_r2.gms
    Unknown symbol
--- GTM_EPABase_2020_r2.gms(2320) 3 Mb 224 Errors
*** Error 140 in C:\Users\MAROS.IVANIC\OneDrive - USDA\GTAPGTM\GTM\GTM_EPABase_2020_r2.gms
    Unknown symbol
--- GTM_EPABase_2020_r2.gms(2478) 3 Mb 224 Errors
*** Status: Compilation error(s)
--- Job GTM_EPABase_2020_r2.gms Stop 08/15/22 09:51:12 elapsed 0:00:00.148
